Added Component: Designator=5(1711725)
Add component (AddParameter): Name = "Datasheet Link"; Value = "http://www.phoenixcontact.com/de/produkte/1711725/pdf"; VariantName = "[No Variations]"
Add component (AddParameter): Name = "Height"; Value = "18.2mm"; VariantName = "[No Variations]"
Add component (AddParameter): Name = "Manufacturer_Name"; Value = "Phoenix Contact"; VariantName = "[No Variations]"
Add component (AddParameter): Name = "Manufacturer_Part_Number"; Value = "1711725"; VariantName = "[No Variations]"
Add component (AddParameter): Name = "Mouser2 Part Number"; Value = ""; VariantName = "[No Variations]"
Add component (AddParameter): Name = "Mouser2 Price/Stock"; Value = ""; VariantName = "[No Variations]"
Added Component: Designator=BR1(Bridge rectifier)
Add component (AddParameter): Name = "Datasheet Link"; Value = "http://www.vishay.com/docs/88615/gbu6a.pdf"; VariantName = "[No Variations]"
Add component (AddParameter): Name = "Height"; Value = "18.8mm"; VariantName = "[No Variations]"
Add component (AddParameter): Name = "Manufacturer_Name"; Value = "Vishay"; VariantName = "[No Variations]"
Add component (AddParameter): Name = "Manufacturer_Part_Number"; Value = "GBU6J-E3/45"; VariantName = "[No Variations]"
Add component (AddParameter): Name = "Mouser2 Part Number"; Value = ""; VariantName = "[No Variations]"
Add component (AddParameter): Name = "Mouser2 Price/Stock"; Value = ""; VariantName = "[No Variations]"
Added Component: Designator=BR2(Bridge rectifier)
Add component (AddParameter): Name = "Datasheet Link"; Value = "http://www.vishay.com/docs/88615/gbu6a.pdf"; VariantName = "[No Variations]"
Add component (AddParameter): Name = "Height"; Value = "18.8mm"; VariantName = "[No Variations]"
Add component (AddParameter): Name = "Manufacturer_Name"; Value = "Vishay"; VariantName = "[No Variations]"
Add component (AddParameter): Name = "Manufacturer_Part_Number"; Value = "GBU6J-E3/45"; VariantName = "[No Variations]"
Add component (AddParameter): Name = "Mouser2 Part Number"; Value = ""; VariantName = "[No Variations]"
Add component (AddParameter): Name = "Mouser2 Price/Stock"; Value = ""; VariantName = "[No Variations]"
Added Component: Designator=C1(4700µF 50V)
Add component (AddParameter): Name = "Datasheet Link"; Value = "https://componentsearchengine.com//ESK478M050AQ3AA.pdf"; VariantName = "[No Variations]"
Add component (AddParameter): Name = "Height"; Value = "37mm"; VariantName = "[No Variations]"
Add component (AddParameter): Name = "Manufacturer_Name"; Value = "Kemet"; VariantName = "[No Variations]"
Add component (AddParameter): Name = "Manufacturer_Part_Number"; Value = "ESK478M050AQ3AA"; VariantName = "[No Variations]"
Add component (AddParameter): Name = "Mouser2 Part Number"; Value = "80-ESK478M050AQ3AA"; VariantName = "[No Variations]"
Add component (AddParameter): Name = "Mouser2 Price/Stock"; Value = "https://www.mouser.com/Search/Refine.aspx?Keyword=80-ESK478M050AQ3AA"; VariantName = "[No Variations]"
Added Component: Designator=C2(10µF 50V)
Add component (AddParameter): Name = "Datasheet Link"; Value = "https://componentsearchengine.com//EEU-FR1H100.pdf"; VariantName = "[No Variations]"
Add component (AddParameter): Name = "Height"; Value = "12.5mm"; VariantName = "[No Variations]"
Add component (AddParameter): Name = "Manufacturer_Name"; Value = "Panasonic"; VariantName = "[No Variations]"
Add component (AddParameter): Name = "Manufacturer_Part_Number"; Value = "EEU-FR1H100"; VariantName = "[No Variations]"
Add component (AddParameter): Name = "Mouser2 Part Number"; Value = "667-EEU-FR1H100"; VariantName = "[No Variations]"
Add component (AddParameter): Name = "Mouser2 Price/Stock"; Value = "https://www.mouser.com/Search/Refine.aspx?Keyword=667-EEU-FR1H100"; VariantName = "[No Variations]"
Added Component: Designator=C3(100nF)
Add component (AddParameter): Name = "Datasheet Link"; Value = "https://componentsearchengine.com//C0805C104K5RAC7411.pdf"; VariantName = "[No Variations]"
Add component (AddParameter): Name = "Height"; Value = "0.88mm"; VariantName = "[No Variations]"
Add component (AddParameter): Name = "Manufacturer_Name"; Value = "Kemet"; VariantName = "[No Variations]"
Add component (AddParameter): Name = "Manufacturer_Part_Number"; Value = "C0805C104K5RAC7411"; VariantName = "[No Variations]"
Add component (AddParameter): Name = "Mouser2 Part Number"; Value = "80-C0805C104K5RACLR"; VariantName = "[No Variations]"
Add component (AddParameter): Name = "Mouser2 Price/Stock"; Value = "https://www.mouser.com/Search/Refine.aspx?Keyword=80-C0805C104K5RACLR"; VariantName = "[No Variations]"
Added Component: Designator=C4(10µF 50V)
Add component (AddParameter): Name = "Datasheet Link"; Value = "https://componentsearchengine.com//EEU-FR1H100.pdf"; VariantName = "[No Variations]"
Add component (AddParameter): Name = "Height"; Value = "12.5mm"; VariantName = "[No Variations]"
Add component (AddParameter): Name = "Manufacturer_Name"; Value = "Panasonic"; VariantName = "[No Variations]"
Add component (AddParameter): Name = "Manufacturer_Part_Number"; Value = "EEU-FR1H100"; VariantName = "[No Variations]"
Add component (AddParameter): Name = "Mouser2 Part Number"; Value = "667-EEU-FR1H100"; VariantName = "[No Variations]"
Add component (AddParameter): Name = "Mouser2 Price/Stock"; Value = "https://www.mouser.com/Search/Refine.aspx?Keyword=667-EEU-FR1H100"; VariantName = "[No Variations]"
Added Component: Designator=C5(100µF)
Add component (AddParameter): Name = "Datasheet Link"; Value = "https://componentsearchengine.com//EEU-FR1H100.pdf"; VariantName = "[No Variations]"
Add component (AddParameter): Name = "Height"; Value = "12.5mm"; VariantName = "[No Variations]"
Add component (AddParameter): Name = "Manufacturer_Name"; Value = "Panasonic"; VariantName = "[No Variations]"
Add component (AddParameter): Name = "Manufacturer_Part_Number"; Value = "EEU-FR1H100"; VariantName = "[No Variations]"
Add component (AddParameter): Name = "Mouser2 Part Number"; Value = "667-EEU-FR1H100"; VariantName = "[No Variations]"
Add component (AddParameter): Name = "Mouser2 Price/Stock"; Value = "https://www.mouser.com/Search/Refine.aspx?Keyword=667-EEU-FR1H100"; VariantName = "[No Variations]"
Added Component: Designator=C6(10nF)
Add component (AddParameter): Name = "Datasheet Link"; Value = ""; VariantName = "[No Variations]"
Add component (AddParameter): Name = "Height"; Value = "0.88mm"; VariantName = "[No Variations]"
Add component (AddParameter): Name = "Manufacturer_Name"; Value = "Kemet"; VariantName = "[No Variations]"
Add component (AddParameter): Name = "Manufacturer_Part_Number"; Value = "C0805C103K5TACAUTO"; VariantName = "[No Variations]"
Add component (AddParameter): Name = "Mouser2 Part Number"; Value = ""; VariantName = "[No Variations]"
Add component (AddParameter): Name = "Mouser2 Price/Stock"; Value = ""; VariantName = "[No Variations]"
Added Component: Designator=C7(10nF)
Add component (AddParameter): Name = "Datasheet Link"; Value = ""; VariantName = "[No Variations]"
Add component (AddParameter): Name = "Height"; Value = "0.88mm"; VariantName = "[No Variations]"
Add component (AddParameter): Name = "Manufacturer_Name"; Value = "Kemet"; VariantName = "[No Variations]"
Add component (AddParameter): Name = "Manufacturer_Part_Number"; Value = "C0805C103K5TACAUTO"; VariantName = "[No Variations]"
Add component (AddParameter): Name = "Mouser2 Part Number"; Value = ""; VariantName = "[No Variations]"
Add component (AddParameter): Name = "Mouser2 Price/Stock"; Value = ""; VariantName = "[No Variations]"
Added Component: Designator=C8(100nF)
Add component (AddParameter): Name = "Datasheet Link"; Value = "https://componentsearchengine.com//C0805C104K5RAC7411.pdf"; VariantName = "[No Variations]"
Add component (AddParameter): Name = "Height"; Value = "0.88mm"; VariantName = "[No Variations]"
Add component (AddParameter): Name = "Manufacturer_Name"; Value = "Kemet"; VariantName = "[No Variations]"
Add component (AddParameter): Name = "Manufacturer_Part_Number"; Value = "C0805C104K5RAC7411"; VariantName = "[No Variations]"
Add component (AddParameter): Name = "Mouser2 Part Number"; Value = "80-C0805C104K5RACLR"; VariantName = "[No Variations]"
Add component (AddParameter): Name = "Mouser2 Price/Stock"; Value = "https://www.mouser.com/Search/Refine.aspx?Keyword=80-C0805C104K5RACLR"; VariantName = "[No Variations]"
Added Component: Designator=C9(100nF)
Add component (AddParameter): Name = "Datasheet Link"; Value = "https://componentsearchengine.com//C0805C104K5RAC7411.pdf"; VariantName = "[No Variations]"
Add component (AddParameter): Name = "Height"; Value = "0.88mm"; VariantName = "[No Variations]"
Add component (AddParameter): Name = "Manufacturer_Name"; Value = "Kemet"; VariantName = "[No Variations]"
Add component (AddParameter): Name = "Manufacturer_Part_Number"; Value = "C0805C104K5RAC7411"; VariantName = "[No Variations]"
Add component (AddParameter): Name = "Mouser2 Part Number"; Value = "80-C0805C104K5RACLR"; VariantName = "[No Variations]"
Add component (AddParameter): Name = "Mouser2 Price/Stock"; Value = "https://www.mouser.com/Search/Refine.aspx?Keyword=80-C0805C104K5RACLR"; VariantName = "[No Variations]"
Added Component: Designator=C10(10µF 50V)
Add component (AddParameter): Name = "Datasheet Link"; Value = "https://componentsearchengine.com//EEU-FR1H100.pdf"; VariantName = "[No Variations]"
Add component (AddParameter): Name = "Height"; Value = "12.5mm"; VariantName = "[No Variations]"
Add component (AddParameter): Name = "Manufacturer_Name"; Value = "Panasonic"; VariantName = "[No Variations]"
Add component (AddParameter): Name = "Manufacturer_Part_Number"; Value = "EEU-FR1H100"; VariantName = "[No Variations]"
Add component (AddParameter): Name = "Mouser2 Part Number"; Value = "667-EEU-FR1H100"; VariantName = "[No Variations]"
Add component (AddParameter): Name = "Mouser2 Price/Stock"; Value = "https://www.mouser.com/Search/Refine.aspx?Keyword=667-EEU-FR1H100"; VariantName = "[No Variations]"
Added Component: Designator=C11(100nF)
Add component (AddParameter): Name = "Datasheet Link"; Value = "https://componentsearchengine.com//C0805C104K5RAC7411.pdf"; VariantName = "[No Variations]"
Add component (AddParameter): Name = "Height"; Value = "0.88mm"; VariantName = "[No Variations]"
Add component (AddParameter): Name = "Manufacturer_Name"; Value = "Kemet"; VariantName = "[No Variations]"
Add component (AddParameter): Name = "Manufacturer_Part_Number"; Value = "C0805C104K5RAC7411"; VariantName = "[No Variations]"
Add component (AddParameter): Name = "Mouser2 Part Number"; Value = "80-C0805C104K5RACLR"; VariantName = "[No Variations]"
Add component (AddParameter): Name = "Mouser2 Price/Stock"; Value = "https://www.mouser.com/Search/Refine.aspx?Keyword=80-C0805C104K5RACLR"; VariantName = "[No Variations]"
Added Component: Designator=C12(10nF)
Add component (AddParameter): Name = "Datasheet Link"; Value = ""; VariantName = "[No Variations]"
Add component (AddParameter): Name = "Height"; Value = "0.88mm"; VariantName = "[No Variations]"
Add component (AddParameter): Name = "Manufacturer_Name"; Value = "Kemet"; VariantName = "[No Variations]"
Add component (AddParameter): Name = "Manufacturer_Part_Number"; Value = "C0805C103K5TACAUTO"; VariantName = "[No Variations]"
Add component (AddParameter): Name = "Mouser2 Part Number"; Value = ""; VariantName = "[No Variations]"
Add component (AddParameter): Name = "Mouser2 Price/Stock"; Value = ""; VariantName = "[No Variations]"
Added Component: Designator=C13(10nF)
Add component (AddParameter): Name = "Datasheet Link"; Value = ""; VariantName = "[No Variations]"
Add component (AddParameter): Name = "Height"; Value = "0.88mm"; VariantName = "[No Variations]"
Add component (AddParameter): Name = "Manufacturer_Name"; Value = "Kemet"; VariantName = "[No Variations]"
Add component (AddParameter): Name = "Manufacturer_Part_Number"; Value = "C0805C103K5TACAUTO"; VariantName = "[No Variations]"
Add component (AddParameter): Name = "Mouser2 Part Number"; Value = ""; VariantName = "[No Variations]"
Add component (AddParameter): Name = "Mouser2 Price/Stock"; Value = ""; VariantName = "[No Variations]"
Added Component: Designator=C14(100nF)
Add component (AddParameter): Name = "Datasheet Link"; Value = "https://componentsearchengine.com//C0805C104K5RAC7411.pdf"; VariantName = "[No Variations]"
Add component (AddParameter): Name = "Height"; Value = "0.88mm"; VariantName = "[No Variations]"
Add component (AddParameter): Name = "Manufacturer_Name"; Value = "Kemet"; VariantName = "[No Variations]"
Add component (AddParameter): Name = "Manufacturer_Part_Number"; Value = "C0805C104K5RAC7411"; VariantName = "[No Variations]"
Add component (AddParameter): Name = "Mouser2 Part Number"; Value = "80-C0805C104K5RACLR"; VariantName = "[No Variations]"
Add component (AddParameter): Name = "Mouser2 Price/Stock"; Value = "https://www.mouser.com/Search/Refine.aspx?Keyword=80-C0805C104K5RACLR"; VariantName = "[No Variations]"
Added Component: Designator=C31(100nF)
Add component (AddParameter): Name = "Datasheet Link"; Value = "https://componentsearchengine.com//C0805C104K5RAC7411.pdf"; VariantName = "[No Variations]"
Add component (AddParameter): Name = "Height"; Value = "0.88mm"; VariantName = "[No Variations]"
Add component (AddParameter): Name = "Manufacturer_Name"; Value = "Kemet"; VariantName = "[No Variations]"
Add component (AddParameter): Name = "Manufacturer_Part_Number"; Value = "C0805C104K5RAC7411"; VariantName = "[No Variations]"
Add component (AddParameter): Name = "Mouser2 Part Number"; Value = "80-C0805C104K5RACLR"; VariantName = "[No Variations]"
Add component (AddParameter): Name = "Mouser2 Price/Stock"; Value = "https://www.mouser.com/Search/Refine.aspx?Keyword=80-C0805C104K5RACLR"; VariantName = "[No Variations]"
Added Component: Designator=C32(100nF)
Add component (AddParameter): Name = "Datasheet Link"; Value = "https://componentsearchengine.com//C0805C104K5RAC7411.pdf"; VariantName = "[No Variations]"
Add component (AddParameter): Name = "Height"; Value = "0.88mm"; VariantName = "[No Variations]"
Add component (AddParameter): Name = "Manufacturer_Name"; Value = "Kemet"; VariantName = "[No Variations]"
Add component (AddParameter): Name = "Manufacturer_Part_Number"; Value = "C0805C104K5RAC7411"; VariantName = "[No Variations]"
Add component (AddParameter): Name = "Mouser2 Part Number"; Value = "80-C0805C104K5RACLR"; VariantName = "[No Variations]"
Add component (AddParameter): Name = "Mouser2 Price/Stock"; Value = "https://www.mouser.com/Search/Refine.aspx?Keyword=80-C0805C104K5RACLR"; VariantName = "[No Variations]"
Added Component: Designator=C33(10nF)
Add component (AddParameter): Name = "Datasheet Link"; Value = ""; VariantName = "[No Variations]"
Add component (AddParameter): Name = "Height"; Value = "0.88mm"; VariantName = "[No Variations]"
Add component (AddParameter): Name = "Manufacturer_Name"; Value = "Kemet"; VariantName = "[No Variations]"
Add component (AddParameter): Name = "Manufacturer_Part_Number"; Value = "C0805C103K5TACAUTO"; VariantName = "[No Variations]"
Add component (AddParameter): Name = "Mouser2 Part Number"; Value = ""; VariantName = "[No Variations]"
Add component (AddParameter): Name = "Mouser2 Price/Stock"; Value = ""; VariantName = "[No Variations]"
Added Component: Designator=C34(10nF)
Add component (AddParameter): Name = "Datasheet Link"; Value = ""; VariantName = "[No Variations]"
Add component (AddParameter): Name = "Height"; Value = "0.88mm"; VariantName = "[No Variations]"
Add component (AddParameter): Name = "Manufacturer_Name"; Value = "Kemet"; VariantName = "[No Variations]"
Add component (AddParameter): Name = "Manufacturer_Part_Number"; Value = "C0805C103K5TACAUTO"; VariantName = "[No Variations]"
Add component (AddParameter): Name = "Mouser2 Part Number"; Value = ""; VariantName = "[No Variations]"
Add component (AddParameter): Name = "Mouser2 Price/Stock"; Value = ""; VariantName = "[No Variations]"
Added Component: Designator=C35(10nF)
Add component (AddParameter): Name = "Datasheet Link"; Value = ""; VariantName = "[No Variations]"
Add component (AddParameter): Name = "Height"; Value = "0.88mm"; VariantName = "[No Variations]"
Add component (AddParameter): Name = "Manufacturer_Name"; Value = "Kemet"; VariantName = "[No Variations]"
Add component (AddParameter): Name = "Manufacturer_Part_Number"; Value = "C0805C103K5TACAUTO"; VariantName = "[No Variations]"
Add component (AddParameter): Name = "Mouser2 Part Number"; Value = ""; VariantName = "[No Variations]"
Add component (AddParameter): Name = "Mouser2 Price/Stock"; Value = ""; VariantName = "[No Variations]"
Added Component: Designator=D1(D1)
Add component (AddParameter): Name = "Datasheet Link"; Value = "https://componentsearchengine.com//1N4007G-T.pdf"; VariantName = "[No Variations]"
Add component (AddParameter): Name = "Manufacturer_Name"; Value = "Diodes Inc."; VariantName = "[No Variations]"
Add component (AddParameter): Name = "Manufacturer_Part_Number"; Value = "1N4007G-T"; VariantName = "[No Variations]"
Add component (AddParameter): Name = "Mouser2 Part Number"; Value = "621-1N4007G-T"; VariantName = "[No Variations]"
Add component (AddParameter): Name = "Mouser2 Price/Stock"; Value = "https://www.mouser.com/Search/Refine.aspx?Keyword=621-1N4007G-T"; VariantName = "[No Variations]"
Added Component: Designator=D3(SODFL2512X95N)
Add component (AddParameter): Name = "Datasheet Link"; Value = "https://www.mouser.it/datasheet/2/1057/1N4148WS-1869723.pdf"; VariantName = "[No Variations]"
Add component (AddParameter): Name = "Height"; Value = "0.95mm"; VariantName = "[No Variations]"
Add component (AddParameter): Name = "Manufacturer_Name"; Value = "PANJIT"; VariantName = "[No Variations]"
Add component (AddParameter): Name = "Manufacturer_Part_Number"; Value = "1N4148WS_R1_00001"; VariantName = "[No Variations]"
Add component (AddParameter): Name = "Mouser2 Part Number"; Value = ""; VariantName = "[No Variations]"
Add component (AddParameter): Name = "Mouser2 Price/Stock"; Value = ""; VariantName = "[No Variations]"
Added Component: Designator=IC1(IC1)
Add component (AddParameter): Name = "Datasheet Link"; Value = "http://www.ti.com/general/docs/suppproductinfo.tsp?distId=26&gotoUrl=http%3A%2F%2Fwww.ti.com%2Flit%2Fgpn%2Ftl780"; VariantName = "[No Variations]"
Add component (AddParameter): Name = "Height"; Value = "5.08mm"; VariantName = "[No Variations]"
Add component (AddParameter): Name = "Manufacturer_Name"; Value = "Texas Instruments"; VariantName = "[No Variations]"
Add component (AddParameter): Name = "Manufacturer_Part_Number"; Value = "TL780-05CKTTR"; VariantName = "[No Variations]"
Add component (AddParameter): Name = "Mouser2 Part Number"; Value = ""; VariantName = "[No Variations]"
Add component (AddParameter): Name = "Mouser2 Price/Stock"; Value = ""; VariantName = "[No Variations]"
Added Component: Designator=IC2(DIP781W56P254L950H533Q8N)
Add component (AddParameter): Name = "Datasheet Link"; Value = "https://componentsearchengine.com//MCP6002-E_P.pdf"; VariantName = "[No Variations]"
Add component (AddParameter): Name = "Height"; Value = "5.334mm"; VariantName = "[No Variations]"
Add component (AddParameter): Name = "Manufacturer_Name"; Value = "Microchip"; VariantName = "[No Variations]"
Add component (AddParameter): Name = "Manufacturer_Part_Number"; Value = "MCP6002-E/P"; VariantName = "[No Variations]"
Add component (AddParameter): Name = "Mouser2 Part Number"; Value = "579-MCP6002-E/P"; VariantName = "[No Variations]"
Add component (AddParameter): Name = "Mouser2 Price/Stock"; Value = "https://www.mouser.com/Search/Refine.aspx?Keyword=579-MCP6002-E%2FP"; VariantName = "[No Variations]"
Added Component: Designator=IC3(DIP1543W58P254L5175H635Q40N)
Add component (AddParameter): Name = "Datasheet Link"; Value = "https://componentsearchengine.com//ATMEGA4809-PF.pdf"; VariantName = "[No Variations]"
Add component (AddParameter): Name = "Height"; Value = "6.35mm"; VariantName = "[No Variations]"
Add component (AddParameter): Name = "Manufacturer_Name"; Value = "Microchip"; VariantName = "[No Variations]"
Add component (AddParameter): Name = "Manufacturer_Part_Number"; Value = "ATMEGA4809-PF"; VariantName = "[No Variations]"
Add component (AddParameter): Name = "Mouser2 Part Number"; Value = "556-ATMEGA4809-PF"; VariantName = "[No Variations]"
Add component (AddParameter): Name = "Mouser2 Price/Stock"; Value = "https://www.mouser.com/Search/Refine.aspx?Keyword=556-ATMEGA4809-PF"; VariantName = "[No Variations]"
Added Component: Designator=IC4(DIP778W53P254L2612H431Q20N)
Add component (AddParameter): Name = "Availability"; Value = "Not in stock"; VariantName = "[No Variations]"
Add component (AddParameter): Name = "Check_prices"; Value = "https://www.snapeda.com/parts/TM1637/Titan+Micro+Electronics/view-part/?ref=eda"; VariantName = "[No Variations]"
Add component (AddParameter): Name = "MF"; Value = "Titan Micro Electronics"; VariantName = "[No Variations]"
Add component (AddParameter): Name = "MP"; Value = "TM1637"; VariantName = "[No Variations]"
Add component (AddParameter): Name = "Package"; Value = "Package"; VariantName = "[No Variations]"
Add component (AddParameter): Name = "Price"; Value = "None"; VariantName = "[No Variations]"
Add component (AddParameter): Name = "SnapEDA_Link"; Value = "https://www.snapeda.com/parts/TM1637/Titan+Micro+Electronics/view-part/?ref=snap"; VariantName = "[No Variations]"
Add component (AddParameter): Name = "Value"; Value = ""; VariantName = "[No Variations]"
Added Component: Designator=J1(Phoenix)
Add component (AddParameter): Name = "Datasheet Link"; Value = "http://www.phoenixcontact.com/de/produkte/1711725/pdf"; VariantName = "[No Variations]"
Add component (AddParameter): Name = "Height"; Value = "18.2mm"; VariantName = "[No Variations]"
Add component (AddParameter): Name = "Manufacturer_Name"; Value = "Phoenix Contact"; VariantName = "[No Variations]"
Add component (AddParameter): Name = "Manufacturer_Part_Number"; Value = "1711725"; VariantName = "[No Variations]"
Add component (AddParameter): Name = "Mouser2 Part Number"; Value = ""; VariantName = "[No Variations]"
Add component (AddParameter): Name = "Mouser2 Price/Stock"; Value = ""; VariantName = "[No Variations]"
Added Component: Designator=J2(Phoenix)
Add component (AddParameter): Name = "Datasheet Link"; Value = "http://www.phoenixcontact.com/de/produkte/1711725/pdf"; VariantName = "[No Variations]"
Add component (AddParameter): Name = "Height"; Value = "18.2mm"; VariantName = "[No Variations]"
Add component (AddParameter): Name = "Manufacturer_Name"; Value = "Phoenix Contact"; VariantName = "[No Variations]"
Add component (AddParameter): Name = "Manufacturer_Part_Number"; Value = "1711725"; VariantName = "[No Variations]"
Add component (AddParameter): Name = "Mouser2 Part Number"; Value = ""; VariantName = "[No Variations]"
Add component (AddParameter): Name = "Mouser2 Price/Stock"; Value = ""; VariantName = "[No Variations]"
Added Component: Designator=J3(1711725)
Add component (AddParameter): Name = "Datasheet Link"; Value = "http://www.phoenixcontact.com/de/produkte/1711725/pdf"; VariantName = "[No Variations]"
Add component (AddParameter): Name = "Height"; Value = "18.2mm"; VariantName = "[No Variations]"
Add component (AddParameter): Name = "Manufacturer_Name"; Value = "Phoenix Contact"; VariantName = "[No Variations]"
Add component (AddParameter): Name = "Manufacturer_Part_Number"; Value = "1711725"; VariantName = "[No Variations]"
Add component (AddParameter): Name = "Mouser2 Part Number"; Value = ""; VariantName = "[No Variations]"
Add component (AddParameter): Name = "Mouser2 Price/Stock"; Value = ""; VariantName = "[No Variations]"
Added Component: Designator=J4(HDRV3W67P0X254_1X3_762X241X858P)
Add component (AddParameter): Name = "Datasheet Link"; Value = ""; VariantName = "[No Variations]"
Add component (AddParameter): Name = "Height"; Value = "8.58mm"; VariantName = "[No Variations]"
Add component (AddParameter): Name = "Manufacturer_Name"; Value = "Amphenol"; VariantName = "[No Variations]"
Add component (AddParameter): Name = "Manufacturer_Part_Number"; Value = "10129378-903001BLF"; VariantName = "[No Variations]"
Add component (AddParameter): Name = "Mouser2 Part Number"; Value = ""; VariantName = "[No Variations]"
Add component (AddParameter): Name = "Mouser2 Price/Stock"; Value = ""; VariantName = "[No Variations]"
Added Component: Designator=J6(HDRV4W67P0X254_1X4_1270X241X858P)
Add component (AddParameter): Name = "Datasheet Link"; Value = "https://cdn.amphenol-icc.com/media/wysiwyg/files/drawing/10129378.pdf"; VariantName = "[No Variations]"
Add component (AddParameter): Name = "Height"; Value = "8.58mm"; VariantName = "[No Variations]"
Add component (AddParameter): Name = "Manufacturer_Name"; Value = "Amphenol"; VariantName = "[No Variations]"
Add component (AddParameter): Name = "Manufacturer_Part_Number"; Value = "10129378-904001BLF"; VariantName = "[No Variations]"
Add component (AddParameter): Name = "Mouser2 Part Number"; Value = ""; VariantName = "[No Variations]"
Add component (AddParameter): Name = "Mouser2 Price/Stock"; Value = ""; VariantName = "[No Variations]"
Added Component: Designator=J7(HDRV3W67P0X254_1X3_762X241X858P)
Add component (AddParameter): Name = "Datasheet Link"; Value = ""; VariantName = "[No Variations]"
Add component (AddParameter): Name = "Height"; Value = "8.58mm"; VariantName = "[No Variations]"
Add component (AddParameter): Name = "Manufacturer_Name"; Value = "Amphenol"; VariantName = "[No Variations]"
Add component (AddParameter): Name = "Manufacturer_Part_Number"; Value = "10129378-903001BLF"; VariantName = "[No Variations]"
Add component (AddParameter): Name = "Mouser2 Part Number"; Value = ""; VariantName = "[No Variations]"
Add component (AddParameter): Name = "Mouser2 Price/Stock"; Value = ""; VariantName = "[No Variations]"
Added Component: Designator=J8(1711725)
Add component (AddParameter): Name = "Datasheet Link"; Value = "http://www.phoenixcontact.com/de/produkte/1711725/pdf"; VariantName = "[No Variations]"
Add component (AddParameter): Name = "Height"; Value = "18.2mm"; VariantName = "[No Variations]"
Add component (AddParameter): Name = "Manufacturer_Name"; Value = "Phoenix Contact"; VariantName = "[No Variations]"
Add component (AddParameter): Name = "Manufacturer_Part_Number"; Value = "1711725"; VariantName = "[No Variations]"
Add component (AddParameter): Name = "Mouser2 Part Number"; Value = ""; VariantName = "[No Variations]"
Add component (AddParameter): Name = "Mouser2 Price/Stock"; Value = ""; VariantName = "[No Variations]"
Added Component: Designator=J9(HDRV5W67P0X254_1X5_1270X241X858P)
Add component (AddParameter): Name = "Datasheet Link"; Value = "https://cdn.amphenol-icc.com/media/wysiwyg/files/drawing/10129378.pdf"; VariantName = "[No Variations]"
Add component (AddParameter): Name = "Height"; Value = "8.58mm"; VariantName = "[No Variations]"
Add component (AddParameter): Name = "Manufacturer_Name"; Value = "FCI Electronics"; VariantName = "[No Variations]"
Add component (AddParameter): Name = "Manufacturer_Part_Number"; Value = "10129378-905001BLF"; VariantName = "[No Variations]"
Add component (AddParameter): Name = "Mouser2 Part Number"; Value = ""; VariantName = "[No Variations]"
Add component (AddParameter): Name = "Mouser2 Price/Stock"; Value = ""; VariantName = "[No Variations]"
Added Component: Designator=J10(HDRV3W67P0X254_1X3_762X241X858P)
Add component (AddParameter): Name = "Datasheet Link"; Value = ""; VariantName = "[No Variations]"
Add component (AddParameter): Name = "Height"; Value = "8.58mm"; VariantName = "[No Variations]"
Add component (AddParameter): Name = "Manufacturer_Name"; Value = "Amphenol"; VariantName = "[No Variations]"
Add component (AddParameter): Name = "Manufacturer_Part_Number"; Value = "10129378-903001BLF"; VariantName = "[No Variations]"
Add component (AddParameter): Name = "Mouser2 Part Number"; Value = ""; VariantName = "[No Variations]"
Add component (AddParameter): Name = "Mouser2 Price/Stock"; Value = ""; VariantName = "[No Variations]"
Added Component: Designator=J11(HDRV6W67P254_2X3_762X483X858P)
Add component (AddParameter): Name = "Datasheet Link"; Value = "https://componentsearchengine.com//10129381-906002BLF.pdf"; VariantName = "[No Variations]"
Add component (AddParameter): Name = "Height"; Value = "8.58mm"; VariantName = "[No Variations]"
Add component (AddParameter): Name = "Manufacturer_Name"; Value = "Amphenol"; VariantName = "[No Variations]"
Add component (AddParameter): Name = "Manufacturer_Part_Number"; Value = "10129381-906002BLF"; VariantName = "[No Variations]"
Add component (AddParameter): Name = "Mouser2 Part Number"; Value = "649-1012938190602BLF"; VariantName = "[No Variations]"
Add component (AddParameter): Name = "Mouser2 Price/Stock"; Value = "https://www.mouser.com/Search/Refine.aspx?Keyword=649-1012938190602BLF"; VariantName = "[No Variations]"
Added Component: Designator=J12(1PinBox)
Add component (AddParameter): Name = "Datasheet Link"; Value = "https://componentsearchengine.com//N2510-6002RB.pdf"; VariantName = "[No Variations]"
Add component (AddParameter): Name = "Height"; Value = "9.91mm"; VariantName = "[No Variations]"
Add component (AddParameter): Name = "Manufacturer_Name"; Value = "3M"; VariantName = "[No Variations]"
Add component (AddParameter): Name = "Manufacturer_Part_Number"; Value = "N2510-6002RB"; VariantName = "[No Variations]"
Add component (AddParameter): Name = "Mouser2 Part Number"; Value = "517-N2510-6002RB"; VariantName = "[No Variations]"
Add component (AddParameter): Name = "Mouser2 Price/Stock"; Value = "https://www.mouser.com/Search/Refine.aspx?Keyword=517-N2510-6002RB"; VariantName = "[No Variations]"
Added Component: Designator=J31(SHDR10W64P254_2X5_2002X859X991P)
Add component (AddParameter): Name = "Datasheet Link"; Value = "https://componentsearchengine.com//N2510-6002RB.pdf"; VariantName = "[No Variations]"
Add component (AddParameter): Name = "Height"; Value = "9.91mm"; VariantName = "[No Variations]"
Add component (AddParameter): Name = "Manufacturer_Name"; Value = "3M"; VariantName = "[No Variations]"
Add component (AddParameter): Name = "Manufacturer_Part_Number"; Value = "N2510-6002RB"; VariantName = "[No Variations]"
Add component (AddParameter): Name = "Mouser2 Part Number"; Value = "517-N2510-6002RB"; VariantName = "[No Variations]"
Add component (AddParameter): Name = "Mouser2 Price/Stock"; Value = "https://www.mouser.com/Search/Refine.aspx?Keyword=517-N2510-6002RB"; VariantName = "[No Variations]"
Added Component: Designator=K1(FP-RT424615-MFG)
Add component (AddParameter): Name = "Application(s)"; Value = "POWER"; VariantName = "[No Variations]"
Add component (AddParameter): Name = "Approvals"; Value = "CSA"; VariantName = "[No Variations]"
Add component (AddParameter): Name = "Case/Package"; Value = "DIP"; VariantName = "[No Variations]"
Add component (AddParameter): Name = "Coil Resistance"; Value = "8.1kR"; VariantName = "[No Variations]"
Add component (AddParameter): Name = "Coil Type"; Value = "Non-Latching"; VariantName = "[No Variations]"
Add component (AddParameter): Name = "Coil Voltage (AC)"; Value = "115V"; VariantName = "[No Variations]"
Add component (AddParameter): Name = "Contact Current Rating"; Value = "8A"; VariantName = "[No Variations]"
Add component (AddParameter): Name = "Contact Material"; Value = "Silver"; VariantName = "[No Variations]"
Add component (AddParameter): Name = "Current Rating"; Value = "8A"; VariantName = "[No Variations]"
Add component (AddParameter): Name = "Depth"; Value = "12.7mm"; VariantName = "[No Variations]"
Add component (AddParameter): Name = "Height"; Value = "15.7mm"; VariantName = "[No Variations]"
Add component (AddParameter): Name = "Length"; Value = "29mm"; VariantName = "[No Variations]"
Add component (AddParameter): Name = "Max Current Rating"; Value = "15A"; VariantName = "[No Variations]"
Add component (AddParameter): Name = "Max Operating Temperature"; Value = "70°C"; VariantName = "[No Variations]"
Add component (AddParameter): Name = "Max Voltage Rating (AC)"; Value = "400V"; VariantName = "[No Variations]"
Add component (AddParameter): Name = "Min Operating Temperature"; Value = "-40°C"; VariantName = "[No Variations]"
Add component (AddParameter): Name = "Mount"; Value = "Through Hole"; VariantName = "[No Variations]"
Add component (AddParameter): Name = "Number of Pins"; Value = "8"; VariantName = "[No Variations]"
Add component (AddParameter): Name = "Operate Time"; Value = "8ms"; VariantName = "[No Variations]"
Add component (AddParameter): Name = "Package Quantity"; Value = "500"; VariantName = "[No Variations]"
Add component (AddParameter): Name = "Packaging"; Value = "Rail/Tube"; VariantName = "[No Variations]"
Add component (AddParameter): Name = "Power Rating"; Value = "760mW"; VariantName = "[No Variations]"
Add component (AddParameter): Name = "Radiation Hardening"; Value = "No"; VariantName = "[No Variations]"
Add component (AddParameter): Name = "Ratings"; Value = "IP54"; VariantName = "[No Variations]"
Add component (AddParameter): Name = "Relay Type"; Value = "General Purpose"; VariantName = "[No Variations]"
Add component (AddParameter): Name = "RoHS Compliant"; Value = "Yes"; VariantName = "[No Variations]"
Add component (AddParameter): Name = "Series"; Value = "RT2, SCHRACK"; VariantName = "[No Variations]"
Add component (AddParameter): Name = "Switching Capacity"; Value = "2kW"; VariantName = "[No Variations]"
Add component (AddParameter): Name = "Switching Current"; Value = "8A"; VariantName = "[No Variations]"
Add component (AddParameter): Name = "Termination"; Value = "PC Pin"; VariantName = "[No Variations]"
Add component (AddParameter): Name = "Throw Configuration"; Value = "DPDT"; VariantName = "[No Variations]"
Add component (AddParameter): Name = "Voltage Rating (AC)"; Value = "400V"; VariantName = "[No Variations]"
Add component (AddParameter): Name = "Width"; Value = "12.7mm"; VariantName = "[No Variations]"
Added Component: Designator=L1(FP-CB3225-IPC_A)
Add component (AddParameter): Name = "Case Code (Imperial)"; Value = "1210"; VariantName = "[No Variations]"
Add component (AddParameter): Name = "Case Code (Metric)"; Value = "3225"; VariantName = "[No Variations]"
Add component (AddParameter): Name = "Case/Package"; Value = "1210"; VariantName = "[No Variations]"
Add component (AddParameter): Name = "Core Material"; Value = "Ferrite"; VariantName = "[No Variations]"
Add component (AddParameter): Name = "Current Rating"; Value = "900mA"; VariantName = "[No Variations]"
Add component (AddParameter): Name = "DC Current"; Value = "900mA"; VariantName = "[No Variations]"
Add component (AddParameter): Name = "DC Resistance (DCR)"; Value = "172.9mR"; VariantName = "[No Variations]"
Add component (AddParameter): Name = "Depth"; Value = "2.7mm"; VariantName = "[No Variations]"
Add component (AddParameter): Name = "Halogen Free"; Value = "Halogen Free"; VariantName = "[No Variations]"
Add component (AddParameter): Name = "Height"; Value = "2.5mm"; VariantName = "[No Variations]"
Add component (AddParameter): Name = "Height - Seated (Max)"; Value = "0.106inch"; VariantName = "[No Variations]"
Add component (AddParameter): Name = "Inductance"; Value = "10uH"; VariantName = "[No Variations]"
Add component (AddParameter): Name = "Inductance Tolerance"; Value = "20%"; VariantName = "[No Variations]"
Add component (AddParameter): Name = "Lead Free"; Value = "Lead Free"; VariantName = "[No Variations]"
Add component (AddParameter): Name = "Length"; Value = "3.4mm"; VariantName = "[No Variations]"
Add component (AddParameter): Name = "Max DC Current"; Value = "900mA"; VariantName = "[No Variations]"
Add component (AddParameter): Name = "Max Operating Temperature"; Value = "105°C"; VariantName = "[No Variations]"
Add component (AddParameter): Name = "Military Standard"; Value = "Not"; VariantName = "[No Variations]"
Add component (AddParameter): Name = "Min Operating Temperature"; Value = "-40°C"; VariantName = "[No Variations]"
Add component (AddParameter): Name = "Mount"; Value = "Surface Mount"; VariantName = "[No Variations]"
Add component (AddParameter): Name = "Number of Pins"; Value = "2"; VariantName = "[No Variations]"
Add component (AddParameter): Name = "Package Quantity"; Value = "1000"; VariantName = "[No Variations]"
Add component (AddParameter): Name = "Packaging"; Value = "Tape and Reel"; VariantName = "[No Variations]"
Add component (AddParameter): Name = "Radiation Hardening"; Value = "No"; VariantName = "[No Variations]"
Add component (AddParameter): Name = "Resistor Type"; Value = "Wirewound"; VariantName = "[No Variations]"
Add component (AddParameter): Name = "Saturation Current"; Value = "900mA"; VariantName = "[No Variations]"
Add component (AddParameter): Name = "Self Resonant Frequency"; Value = "23MHz"; VariantName = "[No Variations]"
Add component (AddParameter): Name = "Series"; Value = "CB"; VariantName = "[No Variations]"
Add component (AddParameter): Name = "Shielding"; Value = "Unshielded"; VariantName = "[No Variations]"
Add component (AddParameter): Name = "Termination"; Value = "SMD/SMT"; VariantName = "[No Variations]"
Add component (AddParameter): Name = "Test Frequency"; Value = "100kHz"; VariantName = "[No Variations]"
Add component (AddParameter): Name = "Tolerance"; Value = "20%"; VariantName = "[No Variations]"
Add component (AddParameter): Name = "Width"; Value = "0.098inch"; VariantName = "[No Variations]"
Added Component: Designator=L2(CM2545X171B10)
Add component (AddParameter): Name = "Datasheet Link"; Value = "https://datasheet.datasheetarchive.com/originals/dk/DKDS-7/122753.pdf"; VariantName = "[No Variations]"
Add component (AddParameter): Name = "Height"; Value = "9.5mm"; VariantName = "[No Variations]"
Add component (AddParameter): Name = "Manufacturer_Name"; Value = "Laird Technologies"; VariantName = "[No Variations]"
Add component (AddParameter): Name = "Manufacturer_Part_Number"; Value = "CM2545X171B-10"; VariantName = "[No Variations]"
Add component (AddParameter): Name = "Mouser2 Part Number"; Value = ""; VariantName = "[No Variations]"
Add component (AddParameter): Name = "Mouser2 Price/Stock"; Value = ""; VariantName = "[No Variations]"
Added Component: Designator=LD1(Display)
Add component (AddParameter): Name = "Datasheet Link"; Value = "https://componentsearchengine.com//TDCG1050M.pdf"; VariantName = "[No Variations]"
Add component (AddParameter): Name = "Height"; Value = "7.25mm"; VariantName = "[No Variations]"
Add component (AddParameter): Name = "Manufacturer_Name"; Value = "Vishay"; VariantName = "[No Variations]"
Add component (AddParameter): Name = "Manufacturer_Part_Number"; Value = "TDCG1050M"; VariantName = "[No Variations]"
Add component (AddParameter): Name = "Mouser2 Part Number"; Value = "78-TDCG1050"; VariantName = "[No Variations]"
Add component (AddParameter): Name = "Mouser2 Price/Stock"; Value = "https://www.mouser.com/Search/Refine.aspx?Keyword=78-TDCG1050"; VariantName = "[No Variations]"
Added Component: Designator=Q1(TTTT)
Add component (AddParameter): Name = "Datasheet Link"; Value = "https://www.onsemi.com/pdf/datasheet/bc550-d.pdf"; VariantName = "[No Variations]"
Add component (AddParameter): Name = "Height"; Value = "5.33mm"; VariantName = "[No Variations]"
Add component (AddParameter): Name = "Manufacturer_Name"; Value = "ON Semiconductor"; VariantName = "[No Variations]"
Add component (AddParameter): Name = "Manufacturer_Part_Number"; Value = "BC547CBU"; VariantName = "[No Variations]"
Add component (AddParameter): Name = "Mouser2 Part Number"; Value = ""; VariantName = "[No Variations]"
Add component (AddParameter): Name = "Mouser2 Price/Stock"; Value = ""; VariantName = "[No Variations]"
Added Component: Designator=Q2(TTTT)
Add component (AddParameter): Name = "Datasheet Link"; Value = "https://www.onsemi.com/pdf/datasheet/bc550-d.pdf"; VariantName = "[No Variations]"
Add component (AddParameter): Name = "Height"; Value = "5.33mm"; VariantName = "[No Variations]"
Add component (AddParameter): Name = "Manufacturer_Name"; Value = "ON Semiconductor"; VariantName = "[No Variations]"
Add component (AddParameter): Name = "Manufacturer_Part_Number"; Value = "BC547CBU"; VariantName = "[No Variations]"
Add component (AddParameter): Name = "Mouser2 Part Number"; Value = ""; VariantName = "[No Variations]"
Add component (AddParameter): Name = "Mouser2 Price/Stock"; Value = ""; VariantName = "[No Variations]"
Added Component: Designator=Q3(T2)
Add component (AddParameter): Name = "Datasheet Link"; Value = "https://componentsearchengine.com//IRF9Z34NPBF.pdf"; VariantName = "[No Variations]"
Add component (AddParameter): Name = "Height"; Value = "4.69mm"; VariantName = "[No Variations]"
Add component (AddParameter): Name = "Manufacturer_Name"; Value = "Infineon"; VariantName = "[No Variations]"
Add component (AddParameter): Name = "Manufacturer_Part_Number"; Value = "IRF9Z34NPBF"; VariantName = "[No Variations]"
Add component (AddParameter): Name = "Mouser2 Part Number"; Value = "942-IRF9Z34NPBF"; VariantName = "[No Variations]"
Add component (AddParameter): Name = "Mouser2 Price/Stock"; Value = "https://www.mouser.com/Search/Refine.aspx?Keyword=942-IRF9Z34NPBF"; VariantName = "[No Variations]"
Added Component: Designator=Q4(TTTT)
Add component (AddParameter): Name = "Datasheet Link"; Value = "https://www.onsemi.com/pdf/datasheet/bc550-d.pdf"; VariantName = "[No Variations]"
Add component (AddParameter): Name = "Height"; Value = "5.33mm"; VariantName = "[No Variations]"
Add component (AddParameter): Name = "Manufacturer_Name"; Value = "ON Semiconductor"; VariantName = "[No Variations]"
Add component (AddParameter): Name = "Manufacturer_Part_Number"; Value = "BC547CBU"; VariantName = "[No Variations]"
Add component (AddParameter): Name = "Mouser2 Part Number"; Value = ""; VariantName = "[No Variations]"
Add component (AddParameter): Name = "Mouser2 Price/Stock"; Value = ""; VariantName = "[No Variations]"
Added Component: Designator=Q5(TTTT)
Add component (AddParameter): Name = "Datasheet Link"; Value = "https://componentsearchengine.com//BC557BTA.pdf"; VariantName = "[No Variations]"
Add component (AddParameter): Name = "Height"; Value = "4.19mm"; VariantName = "[No Variations]"
Add component (AddParameter): Name = "Manufacturer_Name"; Value = "ON Semiconductor"; VariantName = "[No Variations]"
Add component (AddParameter): Name = "Manufacturer_Part_Number"; Value = "BC557BTA"; VariantName = "[No Variations]"
Add component (AddParameter): Name = "Mouser2 Part Number"; Value = "512-BC557BTA"; VariantName = "[No Variations]"
Add component (AddParameter): Name = "Mouser2 Price/Stock"; Value = "https://www.mouser.com/Search/Refine.aspx?Keyword=512-BC557BTA"; VariantName = "[No Variations]"
Added Component: Designator=R1(Resistor)
Add component (AddParameter): Name = "Datasheet Link"; Value = "https://www.arrow.com/en/products/crcw080510k0dheap/vishay"; VariantName = "[No Variations]"
Add component (AddParameter): Name = "Height"; Value = "0.5mm"; VariantName = "[No Variations]"
Add component (AddParameter): Name = "Manufacturer_Name"; Value = "Vishay"; VariantName = "[No Variations]"
Add component (AddParameter): Name = "Manufacturer_Part_Number"; Value = "CRCW080510K0DHEAP"; VariantName = "[No Variations]"
Add component (AddParameter): Name = "Mouser2 Part Number"; Value = ""; VariantName = "[No Variations]"
Add component (AddParameter): Name = "Mouser2 Price/Stock"; Value = ""; VariantName = "[No Variations]"
Added Component: Designator=R2(Resistor)
Add component (AddParameter): Name = "Datasheet Link"; Value = "https://www.bourns.com/pdfs/chpreztr.pdf"; VariantName = "[No Variations]"
Add component (AddParameter): Name = "Height"; Value = "0.6mm"; VariantName = "[No Variations]"
Add component (AddParameter): Name = "Manufacturer_Name"; Value = "Bourns"; VariantName = "[No Variations]"
Add component (AddParameter): Name = "Manufacturer_Part_Number"; Value = "CR0805-JW-105ELF"; VariantName = "[No Variations]"
Add component (AddParameter): Name = "Mouser2 Part Number"; Value = ""; VariantName = "[No Variations]"
Add component (AddParameter): Name = "Mouser2 Price/Stock"; Value = ""; VariantName = "[No Variations]"
Added Component: Designator=R3(Resistor)
Add component (AddParameter): Name = "Datasheet Link"; Value = "https://www.arrow.com/en/products/crcw080510k0dheap/vishay"; VariantName = "[No Variations]"
Add component (AddParameter): Name = "Height"; Value = "0.5mm"; VariantName = "[No Variations]"
Add component (AddParameter): Name = "Manufacturer_Name"; Value = "Vishay"; VariantName = "[No Variations]"
Add component (AddParameter): Name = "Manufacturer_Part_Number"; Value = "CRCW080510K0DHEAP"; VariantName = "[No Variations]"
Add component (AddParameter): Name = "Mouser2 Part Number"; Value = ""; VariantName = "[No Variations]"
Add component (AddParameter): Name = "Mouser2 Price/Stock"; Value = ""; VariantName = "[No Variations]"
Added Component: Designator=R4(Resistor)
Add component (AddParameter): Name = "Datasheet Link"; Value = "http://www.vishay.com/docs/20035/dcrcwe3.pdf"; VariantName = "[No Variations]"
Add component (AddParameter): Name = "Height"; Value = "0.5mm"; VariantName = "[No Variations]"
Add component (AddParameter): Name = "Manufacturer_Name"; Value = "Vishay"; VariantName = "[No Variations]"
Add component (AddParameter): Name = "Manufacturer_Part_Number"; Value = "CRCW08055K60FKTA"; VariantName = "[No Variations]"
Add component (AddParameter): Name = "Mouser2 Part Number"; Value = ""; VariantName = "[No Variations]"
Add component (AddParameter): Name = "Mouser2 Price/Stock"; Value = ""; VariantName = "[No Variations]"
Added Component: Designator=R5(Resistor)
Add component (AddParameter): Name = "Datasheet Link"; Value = "http://www.vishay.com/docs/20035/dcrcwe3.pdf"; VariantName = "[No Variations]"
Add component (AddParameter): Name = "Height"; Value = "0.5mm"; VariantName = "[No Variations]"
Add component (AddParameter): Name = "Manufacturer_Name"; Value = "Vishay"; VariantName = "[No Variations]"
Add component (AddParameter): Name = "Manufacturer_Part_Number"; Value = "CRCW08055K60FKTA"; VariantName = "[No Variations]"
Add component (AddParameter): Name = "Mouser2 Part Number"; Value = ""; VariantName = "[No Variations]"
Add component (AddParameter): Name = "Mouser2 Price/Stock"; Value = ""; VariantName = "[No Variations]"
Added Component: Designator=R6(Resistor)
Add component (AddParameter): Name = "Datasheet Link"; Value = "https://www.arrow.com/en/products/crcw080510k0dheap/vishay"; VariantName = "[No Variations]"
Add component (AddParameter): Name = "Height"; Value = "0.5mm"; VariantName = "[No Variations]"
Add component (AddParameter): Name = "Manufacturer_Name"; Value = "Vishay"; VariantName = "[No Variations]"
Add component (AddParameter): Name = "Manufacturer_Part_Number"; Value = "CRCW080510K0DHEAP"; VariantName = "[No Variations]"
Add component (AddParameter): Name = "Mouser2 Part Number"; Value = ""; VariantName = "[No Variations]"
Add component (AddParameter): Name = "Mouser2 Price/Stock"; Value = ""; VariantName = "[No Variations]"
Added Component: Designator=R7(Resistor)
Add component (AddParameter): Name = "Datasheet Link"; Value = "https://www.arrow.com/en/products/crcw080510k0dheap/vishay"; VariantName = "[No Variations]"
Add component (AddParameter): Name = "Height"; Value = "0.5mm"; VariantName = "[No Variations]"
Add component (AddParameter): Name = "Manufacturer_Name"; Value = "Vishay"; VariantName = "[No Variations]"
Add component (AddParameter): Name = "Manufacturer_Part_Number"; Value = "CRCW080510K0DHEAP"; VariantName = "[No Variations]"
Add component (AddParameter): Name = "Mouser2 Part Number"; Value = ""; VariantName = "[No Variations]"
Add component (AddParameter): Name = "Mouser2 Price/Stock"; Value = ""; VariantName = "[No Variations]"
Added Component: Designator=R8(Resistor)
Add component (AddParameter): Name = "Datasheet Link"; Value = "https://datasheet.datasheetarchive.com/originals/distributors/DKDS-21/401696.pdf"; VariantName = "[No Variations]"
Add component (AddParameter): Name = "Height"; Value = "0.65mm"; VariantName = "[No Variations]"
Add component (AddParameter): Name = "Manufacturer_Name"; Value = "TE Connectivity"; VariantName = "[No Variations]"
Add component (AddParameter): Name = "Manufacturer_Part_Number"; Value = "CPF0805B18KE"; VariantName = "[No Variations]"
Add component (AddParameter): Name = "Mouser2 Part Number"; Value = ""; VariantName = "[No Variations]"
Add component (AddParameter): Name = "Mouser2 Price/Stock"; Value = ""; VariantName = "[No Variations]"
Added Component: Designator=R9(Resistor)
Add component (AddParameter): Name = "Datasheet Link"; Value = "https://www.bourns.com/pdfs/chpreztr.pdf"; VariantName = "[No Variations]"
Add component (AddParameter): Name = "Height"; Value = "0.6mm"; VariantName = "[No Variations]"
Add component (AddParameter): Name = "Manufacturer_Name"; Value = "Bourns"; VariantName = "[No Variations]"
Add component (AddParameter): Name = "Manufacturer_Part_Number"; Value = "CR0805-JW-105ELF"; VariantName = "[No Variations]"
Add component (AddParameter): Name = "Mouser2 Part Number"; Value = ""; VariantName = "[No Variations]"
Add component (AddParameter): Name = "Mouser2 Price/Stock"; Value = ""; VariantName = "[No Variations]"
Added Component: Designator=R10(Resistor)
Add component (AddParameter): Name = "Datasheet Link"; Value = "https://componentsearchengine.com//CRCW08054K70FKEAHP.pdf"; VariantName = "[No Variations]"
Add component (AddParameter): Name = "Height"; Value = "0.5mm"; VariantName = "[No Variations]"
Add component (AddParameter): Name = "Manufacturer_Name"; Value = "Vishay"; VariantName = "[No Variations]"
Add component (AddParameter): Name = "Manufacturer_Part_Number"; Value = "CRCW08054K70FKEAHP"; VariantName = "[No Variations]"
Add component (AddParameter): Name = "Mouser2 Part Number"; Value = "71-CRCW08054K70FKEAH"; VariantName = "[No Variations]"
Add component (AddParameter): Name = "Mouser2 Price/Stock"; Value = "https://www.mouser.com/Search/Refine.aspx?Keyword=71-CRCW08054K70FKEAH"; VariantName = "[No Variations]"
Added Component: Designator=R11(Resistor)
Add component (AddParameter): Name = "Datasheet Link"; Value = "https://www.arrow.com/en/products/crcw080510k0dheap/vishay"; VariantName = "[No Variations]"
Add component (AddParameter): Name = "Height"; Value = "0.5mm"; VariantName = "[No Variations]"
Add component (AddParameter): Name = "Manufacturer_Name"; Value = "Vishay"; VariantName = "[No Variations]"
Add component (AddParameter): Name = "Manufacturer_Part_Number"; Value = "CRCW080510K0DHEAP"; VariantName = "[No Variations]"
Add component (AddParameter): Name = "Mouser2 Part Number"; Value = ""; VariantName = "[No Variations]"
Add component (AddParameter): Name = "Mouser2 Price/Stock"; Value = ""; VariantName = "[No Variations]"
Added Component: Designator=R12(Resistor)
Add component (AddParameter): Name = "Datasheet Link"; Value = "https://www.arrow.com/en/products/crcw080510k0dheap/vishay"; VariantName = "[No Variations]"
Add component (AddParameter): Name = "Height"; Value = "0.5mm"; VariantName = "[No Variations]"
Add component (AddParameter): Name = "Manufacturer_Name"; Value = "Vishay"; VariantName = "[No Variations]"
Add component (AddParameter): Name = "Manufacturer_Part_Number"; Value = "CRCW080510K0DHEAP"; VariantName = "[No Variations]"
Add component (AddParameter): Name = "Mouser2 Part Number"; Value = ""; VariantName = "[No Variations]"
Add component (AddParameter): Name = "Mouser2 Price/Stock"; Value = ""; VariantName = "[No Variations]"
Added Component: Designator=R13(Resistor)
Add component (AddParameter): Name = "Datasheet Link"; Value = "http://www.vishay.com/docs/20035/dcrcwe3.pdf"; VariantName = "[No Variations]"
Add component (AddParameter): Name = "Height"; Value = "0.5mm"; VariantName = "[No Variations]"
Add component (AddParameter): Name = "Manufacturer_Name"; Value = "Vishay"; VariantName = "[No Variations]"
Add component (AddParameter): Name = "Manufacturer_Part_Number"; Value = "CRCW08055K60FKTA"; VariantName = "[No Variations]"
Add component (AddParameter): Name = "Mouser2 Part Number"; Value = ""; VariantName = "[No Variations]"
Add component (AddParameter): Name = "Mouser2 Price/Stock"; Value = ""; VariantName = "[No Variations]"
Added Component: Designator=R14(Resistor)
Add component (AddParameter): Name = "Datasheet Link"; Value = "http://www.vishay.com/docs/20035/dcrcwe3.pdf"; VariantName = "[No Variations]"
Add component (AddParameter): Name = "Height"; Value = "0.5mm"; VariantName = "[No Variations]"
Add component (AddParameter): Name = "Manufacturer_Name"; Value = "Vishay"; VariantName = "[No Variations]"
Add component (AddParameter): Name = "Manufacturer_Part_Number"; Value = "CRCW08055K60FKTA"; VariantName = "[No Variations]"
Add component (AddParameter): Name = "Mouser2 Part Number"; Value = ""; VariantName = "[No Variations]"
Add component (AddParameter): Name = "Mouser2 Price/Stock"; Value = ""; VariantName = "[No Variations]"
Added Component: Designator=R15(Resistor)
Add component (AddParameter): Name = "Datasheet Link"; Value = "https://datasheet.datasheetarchive.com/originals/distributors/DKDS-21/401696.pdf"; VariantName = "[No Variations]"
Add component (AddParameter): Name = "Height"; Value = "0.65mm"; VariantName = "[No Variations]"
Add component (AddParameter): Name = "Manufacturer_Name"; Value = "TE Connectivity"; VariantName = "[No Variations]"
Add component (AddParameter): Name = "Manufacturer_Part_Number"; Value = "CPF0805B18KE"; VariantName = "[No Variations]"
Add component (AddParameter): Name = "Mouser2 Part Number"; Value = ""; VariantName = "[No Variations]"
Add component (AddParameter): Name = "Mouser2 Price/Stock"; Value = ""; VariantName = "[No Variations]"
Added Component: Designator=R16(RESC2012X50N)
Add component (AddParameter): Name = "Datasheet Link"; Value = "https://componentsearchengine.com//CRCW08054K70FKEAHP.pdf"; VariantName = "[No Variations]"
Add component (AddParameter): Name = "Height"; Value = "0.5mm"; VariantName = "[No Variations]"
Add component (AddParameter): Name = "Manufacturer_Name"; Value = "Vishay"; VariantName = "[No Variations]"
Add component (AddParameter): Name = "Manufacturer_Part_Number"; Value = "CRCW08054K70FKEAHP"; VariantName = "[No Variations]"
Add component (AddParameter): Name = "Mouser2 Part Number"; Value = "71-CRCW08054K70FKEAH"; VariantName = "[No Variations]"
Add component (AddParameter): Name = "Mouser2 Price/Stock"; Value = "https://www.mouser.com/Search/Refine.aspx?Keyword=71-CRCW08054K70FKEAH"; VariantName = "[No Variations]"
Added Component: Designator=R17(Resistor)
Add component (AddParameter): Name = "Datasheet Link"; Value = "https://componentsearchengine.com//CRCW08054K70FKEAHP.pdf"; VariantName = "[No Variations]"
Add component (AddParameter): Name = "Height"; Value = "0.5mm"; VariantName = "[No Variations]"
Add component (AddParameter): Name = "Manufacturer_Name"; Value = "Vishay"; VariantName = "[No Variations]"
Add component (AddParameter): Name = "Manufacturer_Part_Number"; Value = "CRCW08054K70FKEAHP"; VariantName = "[No Variations]"
Add component (AddParameter): Name = "Mouser2 Part Number"; Value = "71-CRCW08054K70FKEAH"; VariantName = "[No Variations]"
Add component (AddParameter): Name = "Mouser2 Price/Stock"; Value = "https://www.mouser.com/Search/Refine.aspx?Keyword=71-CRCW08054K70FKEAH"; VariantName = "[No Variations]"
Added Component: Designator=R18(Resistor)
Add component (AddParameter): Name = "Datasheet Link"; Value = "https://datasheet.datasheetarchive.com/originals/distributors/DKDS-21/401696.pdf"; VariantName = "[No Variations]"
Add component (AddParameter): Name = "Height"; Value = "0.65mm"; VariantName = "[No Variations]"
Add component (AddParameter): Name = "Manufacturer_Name"; Value = "TE Connectivity"; VariantName = "[No Variations]"
Add component (AddParameter): Name = "Manufacturer_Part_Number"; Value = "CPF0805B18KE"; VariantName = "[No Variations]"
Add component (AddParameter): Name = "Mouser2 Part Number"; Value = ""; VariantName = "[No Variations]"
Add component (AddParameter): Name = "Mouser2 Price/Stock"; Value = ""; VariantName = "[No Variations]"
Added Component: Designator=R19(Resistor)
Add component (AddParameter): Name = "Datasheet Link"; Value = "https://www.arrow.com/en/products/crcw080510k0dheap/vishay"; VariantName = "[No Variations]"
Add component (AddParameter): Name = "Height"; Value = "0.5mm"; VariantName = "[No Variations]"
Add component (AddParameter): Name = "Manufacturer_Name"; Value = "Vishay"; VariantName = "[No Variations]"
Add component (AddParameter): Name = "Manufacturer_Part_Number"; Value = "CRCW080510K0DHEAP"; VariantName = "[No Variations]"
Add component (AddParameter): Name = "Mouser2 Part Number"; Value = ""; VariantName = "[No Variations]"
Add component (AddParameter): Name = "Mouser2 Price/Stock"; Value = ""; VariantName = "[No Variations]"
Added Component: Designator=R20(Resistor)
Add component (AddParameter): Name = "Datasheet Link"; Value = "https://componentsearchengine.com//CRCW08054K70FKEAHP.pdf"; VariantName = "[No Variations]"
Add component (AddParameter): Name = "Height"; Value = "0.5mm"; VariantName = "[No Variations]"
Add component (AddParameter): Name = "Manufacturer_Name"; Value = "Vishay"; VariantName = "[No Variations]"
Add component (AddParameter): Name = "Manufacturer_Part_Number"; Value = "CRCW08054K70FKEAHP"; VariantName = "[No Variations]"
Add component (AddParameter): Name = "Mouser2 Part Number"; Value = "71-CRCW08054K70FKEAH"; VariantName = "[No Variations]"
Add component (AddParameter): Name = "Mouser2 Price/Stock"; Value = "https://www.mouser.com/Search/Refine.aspx?Keyword=71-CRCW08054K70FKEAH"; VariantName = "[No Variations]"
Added Component: Designator=R21(RESC2012X50N)
Add component (AddParameter): Name = "Datasheet Link"; Value = "https://componentsearchengine.com//CRCW08054K70FKEAHP.pdf"; VariantName = "[No Variations]"
Add component (AddParameter): Name = "Height"; Value = "0.5mm"; VariantName = "[No Variations]"
Add component (AddParameter): Name = "Manufacturer_Name"; Value = "Vishay"; VariantName = "[No Variations]"
Add component (AddParameter): Name = "Manufacturer_Part_Number"; Value = "CRCW08054K70FKEAHP"; VariantName = "[No Variations]"
Add component (AddParameter): Name = "Mouser2 Part Number"; Value = "71-CRCW08054K70FKEAH"; VariantName = "[No Variations]"
Add component (AddParameter): Name = "Mouser2 Price/Stock"; Value = "https://www.mouser.com/Search/Refine.aspx?Keyword=71-CRCW08054K70FKEAH"; VariantName = "[No Variations]"
Added Component: Designator=R22(RESC2012X50N)
Add component (AddParameter): Name = "Datasheet Link"; Value = "https://componentsearchengine.com//CRCW08054K70FKEAHP.pdf"; VariantName = "[No Variations]"
Add component (AddParameter): Name = "Height"; Value = "0.5mm"; VariantName = "[No Variations]"
Add component (AddParameter): Name = "Manufacturer_Name"; Value = "Vishay"; VariantName = "[No Variations]"
Add component (AddParameter): Name = "Manufacturer_Part_Number"; Value = "CRCW08054K70FKEAHP"; VariantName = "[No Variations]"
Add component (AddParameter): Name = "Mouser2 Part Number"; Value = "71-CRCW08054K70FKEAH"; VariantName = "[No Variations]"
Add component (AddParameter): Name = "Mouser2 Price/Stock"; Value = "https://www.mouser.com/Search/Refine.aspx?Keyword=71-CRCW08054K70FKEAH"; VariantName = "[No Variations]"
Added Component: Designator=R31(Resistor)
Add component (AddParameter): Name = "Datasheet Link"; Value = "https://www.arrow.com/en/products/crcw080510k0dheap/vishay"; VariantName = "[No Variations]"
Add component (AddParameter): Name = "Height"; Value = "0.5mm"; VariantName = "[No Variations]"
Add component (AddParameter): Name = "Manufacturer_Name"; Value = "Vishay"; VariantName = "[No Variations]"
Add component (AddParameter): Name = "Manufacturer_Part_Number"; Value = "CRCW080510K0DHEAP"; VariantName = "[No Variations]"
Add component (AddParameter): Name = "Mouser2 Part Number"; Value = ""; VariantName = "[No Variations]"
Add component (AddParameter): Name = "Mouser2 Price/Stock"; Value = ""; VariantName = "[No Variations]"
Added Component: Designator=R32(Resistor)
Add component (AddParameter): Name = "Datasheet Link"; Value = "https://www.arrow.com/en/products/crcw080510k0dheap/vishay"; VariantName = "[No Variations]"
Add component (AddParameter): Name = "Height"; Value = "0.5mm"; VariantName = "[No Variations]"
Add component (AddParameter): Name = "Manufacturer_Name"; Value = "Vishay"; VariantName = "[No Variations]"
Add component (AddParameter): Name = "Manufacturer_Part_Number"; Value = "CRCW080510K0DHEAP"; VariantName = "[No Variations]"
Add component (AddParameter): Name = "Mouser2 Part Number"; Value = ""; VariantName = "[No Variations]"
Add component (AddParameter): Name = "Mouser2 Price/Stock"; Value = ""; VariantName = "[No Variations]"
Added Component: Designator=R33(Resistor)
Add component (AddParameter): Name = "Datasheet Link"; Value = "https://www.arrow.com/en/products/crcw080510k0dheap/vishay"; VariantName = "[No Variations]"
Add component (AddParameter): Name = "Height"; Value = "0.5mm"; VariantName = "[No Variations]"
Add component (AddParameter): Name = "Manufacturer_Name"; Value = "Vishay"; VariantName = "[No Variations]"
Add component (AddParameter): Name = "Manufacturer_Part_Number"; Value = "CRCW080510K0DHEAP"; VariantName = "[No Variations]"
Add component (AddParameter): Name = "Mouser2 Part Number"; Value = ""; VariantName = "[No Variations]"
Add component (AddParameter): Name = "Mouser2 Price/Stock"; Value = ""; VariantName = "[No Variations]"
Added Component: Designator=U1(PEC12R-4XXXF-SXXXX_1)
Add component (AddParameter): Name = "Datasheet Link"; Value = "https://componentsearchengine.com//PEC11R-4225F-S0024.pdf"; VariantName = "[No Variations]"
Add component (AddParameter): Name = "Manufacturer_Name"; Value = "Bourns"; VariantName = "[No Variations]"
Add component (AddParameter): Name = "Manufacturer_Part_Number"; Value = "PEC11R-4225F-S0024"; VariantName = "[No Variations]"
Add component (AddParameter): Name = "Mouser2 Part Number"; Value = "652-PEC11R-4225F-S24"; VariantName = "[No Variations]"
Add component (AddParameter): Name = "Mouser2 Price/Stock"; Value = "https://www.mouser.com/Search/Refine.aspx?Keyword=652-PEC11R-4225F-S24"; VariantName = "[No Variations]"
Added Component: Designator=Z1(Zener)
Add component (AddParameter): Name = "Datasheet Link"; Value = "https://componentsearchengine.com//SZMMSZ5231BT1G.pdf"; VariantName = "[No Variations]"
Add component (AddParameter): Name = "Height"; Value = "1.35mm"; VariantName = "[No Variations]"
Add component (AddParameter): Name = "Manufacturer_Name"; Value = "ON Semiconductor"; VariantName = "[No Variations]"
Add component (AddParameter): Name = "Manufacturer_Part_Number"; Value = "SZMMSZ5231BT1G"; VariantName = "[No Variations]"
Add component (AddParameter): Name = "Mouser2 Part Number"; Value = "863-SZMMSZ5231BT1G"; VariantName = "[No Variations]"
Add component (AddParameter): Name = "Mouser2 Price/Stock"; Value = "https://www.mouser.com/Search/Refine.aspx?Keyword=863-SZMMSZ5231BT1G"; VariantName = "[No Variations]"
Added Pin To Net: NetName=+5 Pin=C2-1
Added Pin To Net: NetName=+5 Pin=C3-1
Added Pin To Net: NetName=+5 Pin=C4-1
Added Pin To Net: NetName=+5 Pin=C8-1
Added Pin To Net: NetName=+5 Pin=C9-1
Added Pin To Net: NetName=+5 Pin=C10-1
Added Pin To Net: NetName=+5 Pin=C31-1
Added Pin To Net: NetName=+5 Pin=C32-1
Added Pin To Net: NetName=+5 Pin=C33-1
Added Pin To Net: NetName=+5 Pin=C34-1
Added Pin To Net: NetName=+5 Pin=C35-1
Added Pin To Net: NetName=+5 Pin=D1-1
Added Pin To Net: NetName=+5 Pin=D3-1
Added Pin To Net: NetName=+5 Pin=IC1-3
Added Pin To Net: NetName=+5 Pin=IC2-8
Added Pin To Net: NetName=+5 Pin=IC3-5
Added Pin To Net: NetName=+5 Pin=IC3-31
Added Pin To Net: NetName=+5 Pin=IC4-16
Added Pin To Net: NetName=+5 Pin=J6-1
Added Pin To Net: NetName=+5 Pin=J7-1
Added Pin To Net: NetName=+5 Pin=J11-2
Added Pin To Net: NetName=+5 Pin=J12-1
Added Pin To Net: NetName=+5 Pin=J31-1
Added Pin To Net: NetName=+5 Pin=K1-A1
Added Pin To Net: NetName=+5 Pin=L1-2
Added Pin To Net: NetName=+5 Pin=R2-2
Added Pin To Net: NetName=+5 Pin=R16-1
Added Pin To Net: NetName=+5 Pin=R21-2
Added Pin To Net: NetName=+5 Pin=R22-2
Added Pin To Net: NetName=+5 Pin=R31-1
Added Pin To Net: NetName=+5 Pin=R32-1
Added Pin To Net: NetName=+5 Pin=R33-1
Added Net: Name=+5
Added Pin To Net: NetName=GND Pin=BR1-4
Added Pin To Net: NetName=GND Pin=BR2-4
Added Pin To Net: NetName=GND Pin=C1-2
Added Pin To Net: NetName=GND Pin=C2-2
Added Pin To Net: NetName=GND Pin=C3-2
Added Pin To Net: NetName=GND Pin=C4-2
Added Pin To Net: NetName=GND Pin=C5-2
Added Pin To Net: NetName=GND Pin=C6-2
Added Pin To Net: NetName=GND Pin=C7-2
Added Pin To Net: NetName=GND Pin=C8-2
Added Pin To Net: NetName=GND Pin=C9-2
Added Pin To Net: NetName=GND Pin=C10-2
Added Pin To Net: NetName=GND Pin=C11-2
Added Pin To Net: NetName=GND Pin=C12-2
Added Pin To Net: NetName=GND Pin=C13-2
Added Pin To Net: NetName=GND Pin=C31-2
Added Pin To Net: NetName=GND Pin=C32-2
Added Pin To Net: NetName=GND Pin=IC1-2
Added Pin To Net: NetName=GND Pin=IC1-4
Added Pin To Net: NetName=GND Pin=IC2-4
Added Pin To Net: NetName=GND Pin=IC3-6
Added Pin To Net: NetName=GND Pin=IC3-18
Added Pin To Net: NetName=GND Pin=IC3-32
Added Pin To Net: NetName=GND Pin=IC4-1
Added Pin To Net: NetName=GND Pin=J3-1
Added Pin To Net: NetName=GND Pin=J6-2
Added Pin To Net: NetName=GND Pin=J7-3
Added Pin To Net: NetName=GND Pin=J10-3
Added Pin To Net: NetName=GND Pin=J11-6
Added Pin To Net: NetName=GND Pin=J12-10
Added Pin To Net: NetName=GND Pin=J31-10
Added Pin To Net: NetName=GND Pin=L2-4
Added Pin To Net: NetName=GND Pin=Q1-3
Added Pin To Net: NetName=GND Pin=Q4-3
Added Pin To Net: NetName=GND Pin=Q5-3
Added Pin To Net: NetName=GND Pin=R6-2
Added Pin To Net: NetName=GND Pin=R8-2
Added Pin To Net: NetName=GND Pin=R9-2
Added Pin To Net: NetName=GND Pin=R10-2
Added Pin To Net: NetName=GND Pin=R15-2
Added Pin To Net: NetName=GND Pin=R20-2
Added Pin To Net: NetName=GND Pin=U1-3
Added Pin To Net: NetName=GND Pin=U1-4
Added Pin To Net: NetName=GND Pin=Z1-2
Added Net: Name=GND
Added Pin To Net: NetName=Net5_1 Pin=5-1
Added Pin To Net: NetName=Net5_1 Pin=IC3-7
Added Net: Name=Net5_1
Added Pin To Net: NetName=Net5_2 Pin=5-2
Added Pin To Net: NetName=Net5_2 Pin=IC3-8
Added Net: Name=Net5_2
Added Pin To Net: NetName=NetBR1_1 Pin=BR1-1
Added Pin To Net: NetName=NetBR1_1 Pin=C5-1
Added Pin To Net: NetName=NetBR1_1 Pin=IC1-1
Added Net: Name=NetBR1_1
Added Pin To Net: NetName=NetBR1_2 Pin=BR1-2
Added Pin To Net: NetName=NetBR1_2 Pin=J1-2
Added Pin To Net: NetName=NetBR1_2 Pin=K1-21
Added Net: Name=NetBR1_2
Added Pin To Net: NetName=NetBR1_3 Pin=BR1-3
Added Pin To Net: NetName=NetBR1_3 Pin=BR2-2
Added Pin To Net: NetName=NetBR1_3 Pin=J1-1
Added Pin To Net: NetName=NetBR1_3 Pin=K1-11
Added Net: Name=NetBR1_3
Added Pin To Net: NetName=NetBR2_3 Pin=BR2-3
Added Pin To Net: NetName=NetBR2_3 Pin=J2-1
Added Pin To Net: NetName=NetBR2_3 Pin=K1-22
Added Net: Name=NetBR2_3
Added Pin To Net: NetName=NetC6_1 Pin=C6-1
Added Pin To Net: NetName=NetC6_1 Pin=IC3-9
Added Pin To Net: NetName=NetC6_1 Pin=R5-1
Added Net: Name=NetC6_1
Added Pin To Net: NetName=NetC7_1 Pin=C7-1
Added Pin To Net: NetName=NetC7_1 Pin=IC2-6
Added Pin To Net: NetName=NetC7_1 Pin=R4-1
Added Net: Name=NetC7_1
Added Pin To Net: NetName=NetC11_1 Pin=C11-1
Added Pin To Net: NetName=NetC11_1 Pin=IC3-17
Added Pin To Net: NetName=NetC11_1 Pin=L1-1
Added Net: Name=NetC11_1
Added Pin To Net: NetName=NetC12_1 Pin=C12-1
Added Pin To Net: NetName=NetC12_1 Pin=IC3-10
Added Pin To Net: NetName=NetC12_1 Pin=R14-1
Added Net: Name=NetC12_1
Added Pin To Net: NetName=NetC13_1 Pin=C13-1
Added Pin To Net: NetName=NetC13_1 Pin=IC2-2
Added Pin To Net: NetName=NetC13_1 Pin=R13-1
Added Net: Name=NetC13_1
Added Pin To Net: NetName=NetC14_1 Pin=C14-1
Added Pin To Net: NetName=NetC14_1 Pin=J11-3
Added Net: Name=NetC14_1
Added Pin To Net: NetName=NetC14_2 Pin=C14-2
Added Pin To Net: NetName=NetC14_2 Pin=D3-2
Added Net: Name=NetC14_2
Added Pin To Net: NetName=NetC33_2 Pin=C33-2
Added Pin To Net: NetName=NetC33_2 Pin=J31-7
Added Pin To Net: NetName=NetC33_2 Pin=R31-2
Added Pin To Net: NetName=NetC33_2 Pin=U1-1
Added Net: Name=NetC33_2
Added Pin To Net: NetName=NetC34_2 Pin=C34-2
Added Pin To Net: NetName=NetC34_2 Pin=J31-5
Added Pin To Net: NetName=NetC34_2 Pin=R32-2
Added Pin To Net: NetName=NetC34_2 Pin=U1-2
Added Net: Name=NetC34_2
Added Pin To Net: NetName=NetC35_2 Pin=C35-2
Added Pin To Net: NetName=NetC35_2 Pin=J31-3
Added Pin To Net: NetName=NetC35_2 Pin=R33-2
Added Pin To Net: NetName=NetC35_2 Pin=U1-5
Added Net: Name=NetC35_2
Added Pin To Net: NetName=NetD1_2 Pin=D1-2
Added Pin To Net: NetName=NetD1_2 Pin=K1-A2
Added Pin To Net: NetName=NetD1_2 Pin=Q1-1
Added Net: Name=NetD1_2
Added Pin To Net: NetName=NetIC2_1 Pin=IC2-1
Added Pin To Net: NetName=NetIC2_1 Pin=R11-1
Added Pin To Net: NetName=NetIC2_1 Pin=R14-2
Added Net: Name=NetIC2_1
Added Pin To Net: NetName=NetIC2_3 Pin=IC2-3
Added Pin To Net: NetName=NetIC2_3 Pin=R12-2
Added Pin To Net: NetName=NetIC2_3 Pin=R15-1
Added Net: Name=NetIC2_3
Added Pin To Net: NetName=NetIC2_5 Pin=IC2-5
Added Pin To Net: NetName=NetIC2_5 Pin=R1-2
Added Pin To Net: NetName=NetIC2_5 Pin=R8-1
Added Net: Name=NetIC2_5
Added Pin To Net: NetName=NetIC2_7 Pin=IC2-7
Added Pin To Net: NetName=NetIC2_7 Pin=R1-1
Added Pin To Net: NetName=NetIC2_7 Pin=R5-2
Added Net: Name=NetIC2_7
Added Pin To Net: NetName=NetIC3_1 Pin=IC3-1
Added Pin To Net: NetName=NetIC3_1 Pin=R19-1
Added Net: Name=NetIC3_1
Added Pin To Net: NetName=NetIC3_2 Pin=IC3-2
Added Pin To Net: NetName=NetIC3_2 Pin=J7-2
Added Pin To Net: NetName=NetIC3_2 Pin=R16-2
Added Net: Name=NetIC3_2
Added Pin To Net: NetName=NetIC3_11 Pin=IC3-11
Added Pin To Net: NetName=NetIC3_11 Pin=R3-2
Added Pin To Net: NetName=NetIC3_11 Pin=R6-1
Added Pin To Net: NetName=NetIC3_11 Pin=Z1-1
Added Net: Name=NetIC3_11
Added Pin To Net: NetName=NetIC3_12 Pin=IC3-12
Added Pin To Net: NetName=NetIC3_12 Pin=J9-1
Added Net: Name=NetIC3_12
Added Pin To Net: NetName=NetIC3_13 Pin=IC3-13
Added Pin To Net: NetName=NetIC3_13 Pin=J9-2
Added Net: Name=NetIC3_13
Added Pin To Net: NetName=NetIC3_14 Pin=IC3-14
Added Pin To Net: NetName=NetIC3_14 Pin=J9-3
Added Net: Name=NetIC3_14
Added Pin To Net: NetName=NetIC3_15 Pin=IC3-15
Added Pin To Net: NetName=NetIC3_15 Pin=J9-4
Added Net: Name=NetIC3_15
Added Pin To Net: NetName=NetIC3_16 Pin=IC3-16
Added Pin To Net: NetName=NetIC3_16 Pin=J9-5
Added Net: Name=NetIC3_16
Added Pin To Net: NetName=NetIC3_19 Pin=IC3-19
Added Pin To Net: NetName=NetIC3_19 Pin=R7-2
Added Net: Name=NetIC3_19
Added Pin To Net: NetName=NetIC3_20 Pin=IC3-20
Added Pin To Net: NetName=NetIC3_20 Pin=J4-1
Added Net: Name=NetIC3_20
Added Pin To Net: NetName=NetIC3_21 Pin=IC3-21
Added Pin To Net: NetName=NetIC3_21 Pin=J4-2
Added Net: Name=NetIC3_21
Added Pin To Net: NetName=NetIC3_22 Pin=IC3-22
Added Pin To Net: NetName=NetIC3_22 Pin=J4-3
Added Net: Name=NetIC3_22
Added Pin To Net: NetName=NetIC3_23 Pin=IC3-23
Added Pin To Net: NetName=NetIC3_23 Pin=J6-4
Added Net: Name=NetIC3_23
Added Pin To Net: NetName=NetIC3_24 Pin=IC3-24
Added Pin To Net: NetName=NetIC3_24 Pin=J6-3
Added Net: Name=NetIC3_24
Added Pin To Net: NetName=NetIC3_27 Pin=IC3-27
Added Pin To Net: NetName=NetIC3_27 Pin=J11-1
Added Net: Name=NetIC3_27
Added Pin To Net: NetName=NetIC3_28 Pin=IC3-28
Added Pin To Net: NetName=NetIC3_28 Pin=J11-4
Added Net: Name=NetIC3_28
Added Pin To Net: NetName=NetIC3_30 Pin=IC3-30
Added Pin To Net: NetName=NetIC3_30 Pin=J11-5
Added Net: Name=NetIC3_30
Added Pin To Net: NetName=NetIC3_33 Pin=IC3-33
Added Pin To Net: NetName=NetIC3_33 Pin=J10-1
Added Net: Name=NetIC3_33
Added Pin To Net: NetName=NetIC3_34 Pin=IC3-34
Added Pin To Net: NetName=NetIC3_34 Pin=J10-2
Added Net: Name=NetIC3_34
Added Pin To Net: NetName=NetIC3_35 Pin=IC3-35
Added Pin To Net: NetName=NetIC3_35 Pin=J12-4
Added Pin To Net: NetName=NetIC3_35 Pin=R22-1
Added Net: Name=NetIC3_35
Added Pin To Net: NetName=NetIC3_36 Pin=IC3-36
Added Pin To Net: NetName=NetIC3_36 Pin=J12-2
Added Pin To Net: NetName=NetIC3_36 Pin=R21-1
Added Net: Name=NetIC3_36
Added Pin To Net: NetName=NetIC3_37 Pin=IC3-37
Added Pin To Net: NetName=NetIC3_37 Pin=J12-3
Added Net: Name=NetIC3_37
Added Pin To Net: NetName=NetIC3_38 Pin=IC3-38
Added Pin To Net: NetName=NetIC3_38 Pin=J12-5
Added Net: Name=NetIC3_38
Added Pin To Net: NetName=NetIC3_39 Pin=IC3-39
Added Pin To Net: NetName=NetIC3_39 Pin=J12-7
Added Net: Name=NetIC3_39
Added Pin To Net: NetName=NetIC3_40 Pin=IC3-40
Added Pin To Net: NetName=NetIC3_40 Pin=J12-9
Added Net: Name=NetIC3_40
Added Pin To Net: NetName=NetIC4_2 Pin=IC4-2
Added Pin To Net: NetName=NetIC4_2 Pin=LD1-14
Added Net: Name=NetIC4_2
Added Pin To Net: NetName=NetIC4_3 Pin=IC4-3
Added Pin To Net: NetName=NetIC4_3 Pin=LD1-16
Added Net: Name=NetIC4_3
Added Pin To Net: NetName=NetIC4_4 Pin=IC4-4
Added Pin To Net: NetName=NetIC4_4 Pin=LD1-13
Added Net: Name=NetIC4_4
Added Pin To Net: NetName=NetIC4_5 Pin=IC4-5
Added Pin To Net: NetName=NetIC4_5 Pin=LD1-3
Added Net: Name=NetIC4_5
Added Pin To Net: NetName=NetIC4_6 Pin=IC4-6
Added Pin To Net: NetName=NetIC4_6 Pin=LD1-5
Added Net: Name=NetIC4_6
Added Pin To Net: NetName=NetIC4_7 Pin=IC4-7
Added Pin To Net: NetName=NetIC4_7 Pin=LD1-11
Added Net: Name=NetIC4_7
Added Pin To Net: NetName=NetIC4_8 Pin=IC4-8
Added Pin To Net: NetName=NetIC4_8 Pin=LD1-15
Added Net: Name=NetIC4_8
Added Pin To Net: NetName=NetIC4_9 Pin=IC4-9
Added Pin To Net: NetName=NetIC4_9 Pin=LD1-7
Added Net: Name=NetIC4_9
Added Pin To Net: NetName=NetIC4_12 Pin=IC4-12
Added Pin To Net: NetName=NetIC4_12 Pin=LD1-8
Added Net: Name=NetIC4_12
Added Pin To Net: NetName=NetIC4_13 Pin=IC4-13
Added Pin To Net: NetName=NetIC4_13 Pin=LD1-6
Added Net: Name=NetIC4_13
Added Pin To Net: NetName=NetIC4_14 Pin=IC4-14
Added Pin To Net: NetName=NetIC4_14 Pin=LD1-2
Added Net: Name=NetIC4_14
Added Pin To Net: NetName=NetIC4_15 Pin=IC4-15
Added Pin To Net: NetName=NetIC4_15 Pin=LD1-1
Added Net: Name=NetIC4_15
Added Pin To Net: NetName=NetIC4_17 Pin=IC4-17
Added Pin To Net: NetName=NetIC4_17 Pin=J31-4
Added Net: Name=NetIC4_17
Added Pin To Net: NetName=NetIC4_18 Pin=IC4-18
Added Pin To Net: NetName=NetIC4_18 Pin=J31-2
Added Net: Name=NetIC4_18
Added Pin To Net: NetName=NetJ2_2 Pin=J2-2
Added Pin To Net: NetName=NetJ2_2 Pin=K1-12
Added Pin To Net: NetName=NetJ2_2 Pin=K1-24
Added Net: Name=NetJ2_2
Added Pin To Net: NetName=NetJ3_2 Pin=J3-2
Added Pin To Net: NetName=NetJ3_2 Pin=R2-1
Added Pin To Net: NetName=NetJ3_2 Pin=R4-2
Added Pin To Net: NetName=NetJ3_2 Pin=R9-1
Added Pin To Net: NetName=NetJ3_2 Pin=R13-2
Added Net: Name=NetJ3_2
Added Pin To Net: NetName=NetJ8_1 Pin=J8-1
Added Pin To Net: NetName=NetJ8_1 Pin=L2-2
Added Net: Name=NetJ8_1
Added Pin To Net: NetName=NetJ8_2 Pin=J8-2
Added Pin To Net: NetName=NetJ8_2 Pin=L2-3
Added Net: Name=NetJ8_2
Added Pin To Net: NetName=NetL2_1 Pin=L2-1
Added Pin To Net: NetName=NetL2_1 Pin=Q3-2
Added Net: Name=NetL2_1
Added Pin To Net: NetName=NetQ1_2 Pin=Q1-2
Added Pin To Net: NetName=NetQ1_2 Pin=R7-1
Added Pin To Net: NetName=NetQ1_2 Pin=R10-1
Added Net: Name=NetQ1_2
Added Pin To Net: NetName=NetQ2_2 Pin=Q2-2
Added Pin To Net: NetName=NetQ2_2 Pin=Q4-1
Added Pin To Net: NetName=NetQ2_2 Pin=Q5-2
Added Pin To Net: NetName=NetQ2_2 Pin=R17-2
Added Net: Name=NetQ2_2
Added Pin To Net: NetName=NetQ2_3 Pin=Q2-3
Added Pin To Net: NetName=NetQ2_3 Pin=Q5-1
Added Pin To Net: NetName=NetQ2_3 Pin=R18-1
Added Net: Name=NetQ2_3
Added Pin To Net: NetName=NetQ3_1 Pin=Q3-1
Added Pin To Net: NetName=NetQ3_1 Pin=R18-2
Added Net: Name=NetQ3_1
Added Pin To Net: NetName=NetQ4_2 Pin=Q4-2
Added Pin To Net: NetName=NetQ4_2 Pin=R19-2
Added Pin To Net: NetName=NetQ4_2 Pin=R20-1
Added Net: Name=NetQ4_2
Added Pin To Net: NetName=NetR11_2 Pin=R11-2
Added Pin To Net: NetName=NetR11_2 Pin=R12-1
Added Net: Name=NetR11_2
Added Pin To Net: NetName=VIN Pin=BR2-1
Added Pin To Net: NetName=VIN Pin=C1-1
Added Pin To Net: NetName=VIN Pin=Q2-1
Added Pin To Net: NetName=VIN Pin=Q3-3
Added Pin To Net: NetName=VIN Pin=R3-1
Added Pin To Net: NetName=VIN Pin=R17-1
Added Net: Name=VIN
Added Member To Class: ClassName=Processor Member=Component 5 1711725
Added Member To Class: ClassName=Voeding Member=Component BR1 GBU6J-E3_45
Added Member To Class: ClassName=Voeding Member=Component BR2 GBU6J-E3_45
Added Member To Class: ClassName=Voeding Member=Component C1 ESK478M050AQ3AA
Added Member To Class: ClassName=Opamp Member=Component C2 EEU-FR1H100
Added Member To Class: ClassName=Opamp Member=Component C3 C0805C104K5RAC7411
Added Member To Class: ClassName=Voeding Member=Component C4 EEU-FR1H100
Added Member To Class: ClassName=Voeding Member=Component C5 EEU-FR1H100
Added Member To Class: ClassName=Opamp Member=Component C6 C0805C103K5TACAUTO
Added Member To Class: ClassName=Opamp Member=Component C7 C0805C103K5TACAUTO
Added Member To Class: ClassName=Processor Member=Component C8 C0805C104K5RAC7411
Added Member To Class: ClassName=Processor Member=Component C9 C0805C104K5RAC7411
Added Member To Class: ClassName=Processor Member=Component C10 EEU-FR1H100
Added Member To Class: ClassName=Processor Member=Component C11 C0805C104K5RAC7411
Added Member To Class: ClassName=Opamp Member=Component C12 C0805C103K5TACAUTO
Added Member To Class: ClassName=Opamp Member=Component C13 C0805C103K5TACAUTO
Added Member To Class: ClassName=Processor Member=Component C14 C0805C104K5RAC7411
Added Member To Class: ClassName=Display Member=Component C31 C0805C104K5RAC7411
Added Member To Class: ClassName=Display Member=Component C32 C0805C104K5RAC7411
Added Member To Class: ClassName=Display Member=Component C33 C0805C103K5TACAUTO
Added Member To Class: ClassName=Display Member=Component C34 C0805C103K5TACAUTO
Added Member To Class: ClassName=Display Member=Component C35 C0805C103K5TACAUTO
Added Member To Class: ClassName=Voeding Member=Component D1 1N4007G-T
Added Member To Class: ClassName=Processor Member=Component D3 1N4148WS_R1_00001
Added Member To Class: ClassName=Voeding Member=Component IC1 TL780-05CKTTR
Added Member To Class: ClassName=Opamp Member=Component IC2 MCP6002-E_P
Added Member To Class: ClassName=Processor Member=Component IC3 ATMEGA4809-PF
Added Member To Class: ClassName=Display Member=Component IC4 TM1637
Added Member To Class: ClassName=Voeding Member=Component J1 1711725
Added Member To Class: ClassName=Voeding Member=Component J2 1711725
Added Member To Class: ClassName=Opamp Member=Component J3 1711725
Added Member To Class: ClassName=Processor Member=Component J4 10129378-903001BLF
Added Member To Class: ClassName=Processor Member=Component J6 10129378-904001BLF
Added Member To Class: ClassName=Processor Member=Component J7 10129378-903001BLF
Added Member To Class: ClassName=BoutVoeding Member=Component J8 1711725
Added Member To Class: ClassName=Processor Member=Component J9 10129378-905001BLF
Added Member To Class: ClassName=Processor Member=Component J10 10129378-903001BLF
Added Member To Class: ClassName=Processor Member=Component J11 10129381-906002BLF
Added Member To Class: ClassName=Processor Member=Component J12 N2510-6002RB
Added Member To Class: ClassName=Display Member=Component J31 N2510-6002RB
Added Member To Class: ClassName=Voeding Member=Component K1 RT424615
Added Member To Class: ClassName=Processor Member=Component L1 CBC3225T100MR
Added Member To Class: ClassName=BoutVoeding Member=Component L2 CM2545X171B-10
Added Member To Class: ClassName=Display Member=Component LD1 TDCG1050M
Added Member To Class: ClassName=Voeding Member=Component Q1 BC547CBU
Added Member To Class: ClassName=BoutVoeding Member=Component Q2 BC547CBU
Added Member To Class: ClassName=BoutVoeding Member=Component Q3 IRF9Z34NPBF
Added Member To Class: ClassName=BoutVoeding Member=Component Q4 BC547CBU
Added Member To Class: ClassName=BoutVoeding Member=Component Q5 BC557BTA
Added Member To Class: ClassName=Opamp Member=Component R1 CRCW080510K0DHEAP
Added Member To Class: ClassName=Opamp Member=Component R2 CR0805-JW-105ELF
Added Member To Class: ClassName=Voeding Member=Component R3 CRCW080510K0DHEAP
Added Member To Class: ClassName=Opamp Member=Component R4 CRCW08055K60FKTA
Added Member To Class: ClassName=Opamp Member=Component R5 CRCW08055K60FKTA
Added Member To Class: ClassName=Voeding Member=Component R6 CRCW080510K0DHEAP
Added Member To Class: ClassName=Voeding Member=Component R7 CRCW080510K0DHEAP
Added Member To Class: ClassName=Opamp Member=Component R8 CPF0805B18KE
Added Member To Class: ClassName=Opamp Member=Component R9 CR0805-JW-105ELF
Added Member To Class: ClassName=Voeding Member=Component R10 CRCW08054K70FKEAHP
Added Member To Class: ClassName=Opamp Member=Component R11 CRCW080510K0DHEAP
Added Member To Class: ClassName=Opamp Member=Component R12 CRCW080510K0DHEAP
Added Member To Class: ClassName=Opamp Member=Component R13 CRCW08055K60FKTA
Added Member To Class: ClassName=Opamp Member=Component R14 CRCW08055K60FKTA
Added Member To Class: ClassName=Opamp Member=Component R15 CPF0805B18KE
Added Member To Class: ClassName=Processor Member=Component R16 CRCW08054K70FKEAHP
Added Member To Class: ClassName=BoutVoeding Member=Component R17 CRCW08054K70FKEAHP
Added Member To Class: ClassName=BoutVoeding Member=Component R18 CPF0805B18KE
Added Member To Class: ClassName=BoutVoeding Member=Component R19 CRCW080510K0DHEAP
Added Member To Class: ClassName=BoutVoeding Member=Component R20 CRCW08054K70FKEAHP
Added Member To Class: ClassName=Processor Member=Component R21 CRCW08054K70FKEAHP
Added Member To Class: ClassName=Processor Member=Component R22 CRCW08054K70FKEAHP
Added Member To Class: ClassName=Display Member=Component R31 CRCW080510K0DHEAP
Added Member To Class: ClassName=Display Member=Component R32 CRCW080510K0DHEAP
Added Member To Class: ClassName=Display Member=Component R33 CRCW080510K0DHEAP
Added Member To Class: ClassName=Display Member=Component U1 PEC11R-4225F-S0024
Added Member To Class: ClassName=Voeding Member=Component Z1 SZMMSZ5231BT1G
Added Room: Name=BoutVoeding
Added Room: Name=Display
Added Room: Name=Opamp
Added Room: Name=Processor
Added Room: Name=Voeding
